<?xml version="1.0" encoding="UTF-8"?>
<!-- Generated by org.testng.reporters.JUnitReportReporter -->
<testsuite hostname="FVFY7177HV22" failures="0" tests="2" name="test.java.runner.RunnerIT" time="5.567" errors="0" timestamp="18 Jul 2021 08:05:41 GMT" skipped="0">
  <testcase classname="test.java.runner.RunnerIT" name="runScenario" time="3.748"/>
  <testcase classname="test.java.runner.RunnerIT" name="runScenario" time="1.819"/>
</testsuite> <!-- test.java.runner.RunnerIT -->
