<?xml version="1.0" encoding="UTF-8"?>
<testsuite xmlns:xsi="http://www.w3.org/2001/XMLSchema-instance" xsi:noNamespaceSchemaLocation="https://maven.apache.org/surefire/maven-surefire-plugin/xsd/surefire-test-report-3.0.xsd" version="3.0" name="TestSuite" time="35.073" tests="3" errors="0" skipped="0" failures="0">
  <properties>
    <property name="java.specification.version" value="14"/>
    <property name="webdriver.chrome.driver" value="/Users/smukherjee/Documents/Demo/Demo1/driver/chromedriver"/>
    <property name="sun.jnu.encoding" value="UTF-8"/>
    <property name="java.class.path" value="/Users/smukherjee/Documents/Demo/Demo1/target/test-classes:/Users/smukherjee/Documents/Demo/Demo1/target/classes:/Users/smukherjee/.m2/repository/org/liquibase/liquibase-groovy-dsl/2.1.1/liquibase-groovy-dsl-2.1.1.jar:/Users/smukherjee/.m2/repository/org/codehaus/groovy/groovy/3.0.3/groovy-3.0.3.jar:/Users/smukherjee/.m2/repository/org/codehaus/groovy/groovy-sql/3.0.3/groovy-sql-3.0.3.jar:/Users/smukherjee/.m2/repository/org/eclipse/jgit/org.eclipse.jgit/5.4.2.201908231537-r/org.eclipse.jgit-5.4.2.201908231537-r.jar:/Users/smukherjee/.m2/repository/com/jcraft/jzlib/1.1.1/jzlib-1.1.1.jar:/Users/smukherjee/.m2/repository/com/googlecode/javaewah/JavaEWAH/1.1.6/JavaEWAH-1.1.6.jar:/Users/smukherjee/.m2/repository/org/bouncycastle/bcpg-jdk15on/1.61/bcpg-jdk15on-1.61.jar:/Users/smukherjee/.m2/repository/org/bouncycastle/bcprov-jdk15on/1.61/bcprov-jdk15on-1.61.jar:/Users/smukherjee/.m2/repository/org/bouncycastle/bcpkix-jdk15on/1.61/bcpkix-jdk15on-1.61.jar:/Users/smukherjee/.m2/repository/com/github/javafaker/javafaker/0.15/javafaker-0.15.jar:/Users/smukherjee/.m2/repository/org/yaml/snakeyaml/1.20/snakeyaml-1.20-android.jar:/Users/smukherjee/.m2/repository/com/github/mifmif/generex/1.0.2/generex-1.0.2.jar:/Users/smukherjee/.m2/repository/dk/brics/automaton/automaton/1.11-8/automaton-1.11-8.jar:/Users/smukherjee/.m2/repository/org/slf4j/slf4j-api/1.7.25/slf4j-api-1.7.25.jar:/Users/smukherjee/.m2/repository/org/slf4j/slf4j-jdk14/1.7.25/slf4j-jdk14-1.7.25.jar:/Users/smukherjee/.m2/repository/org/seleniumhq/selenium/jetty-repacked/7.6.1/jetty-repacked-7.6.1.jar:/Users/smukherjee/.m2/repository/com/jcraft/jsch/0.1.44-1/jsch-0.1.44-1.jar:/Users/smukherjee/.m2/repository/org/seleniumhq/selenium/selenium-java/3.14.0/selenium-java-3.14.0.jar:/Users/smukherjee/.m2/repository/org/seleniumhq/selenium/selenium-api/3.14.0/selenium-api-3.14.0.jar:/Users/smukherjee/.m2/repository/org/seleniumhq/selenium/selenium-chrome-driver/3.14.0/selenium-chrome-driver-3.14.0.jar:/Users/smukherjee/.m2/repository/org/seleniumhq/selenium/selenium-edge-driver/3.14.0/selenium-edge-driver-3.14.0.jar:/Users/smukherjee/.m2/repository/org/seleniumhq/selenium/selenium-firefox-driver/3.14.0/selenium-firefox-driver-3.14.0.jar:/Users/smukherjee/.m2/repository/org/seleniumhq/selenium/selenium-ie-driver/3.14.0/selenium-ie-driver-3.14.0.jar:/Users/smukherjee/.m2/repository/org/seleniumhq/selenium/selenium-opera-driver/3.14.0/selenium-opera-driver-3.14.0.jar:/Users/smukherjee/.m2/repository/org/seleniumhq/selenium/selenium-remote-driver/3.14.0/selenium-remote-driver-3.14.0.jar:/Users/smukherjee/.m2/repository/org/seleniumhq/selenium/selenium-safari-driver/3.14.0/selenium-safari-driver-3.14.0.jar:/Users/smukherjee/.m2/repository/net/bytebuddy/byte-buddy/1.8.15/byte-buddy-1.8.15.jar:/Users/smukherjee/.m2/repository/org/apache/commons/commons-exec/1.3/commons-exec-1.3.jar:/Users/smukherjee/.m2/repository/commons-codec/commons-codec/1.10/commons-codec-1.10.jar:/Users/smukherjee/.m2/repository/commons-logging/commons-logging/1.2/commons-logging-1.2.jar:/Users/smukherjee/.m2/repository/com/squareup/okhttp3/okhttp/3.10.0/okhttp-3.10.0.jar:/Users/smukherjee/.m2/repository/com/squareup/okio/okio/1.14.1/okio-1.14.1.jar:/Users/smukherjee/.m2/repository/org/seleniumhq/selenium/selenium-support/3.14.0/selenium-support-3.14.0.jar:/Users/smukherjee/.m2/repository/org/apache/httpcomponents/httpclient/4.5.3/httpclient-4.5.3.jar:/Users/smukherjee/.m2/repository/junit/junit/3.8.1/junit-3.8.1.jar:/Users/smukherjee/.m2/repository/org/apache/httpcomponents/httpcore/4.4.6/httpcore-4.4.6.jar:/Users/smukherjee/.m2/repository/com/google/code/gson/gson/2.8.0/gson-2.8.0.jar:/Users/smukherjee/.m2/repository/com/google/guava/guava/22.0/guava-22.0.jar:/Users/smukherjee/.m2/repository/com/google/code/findbugs/jsr305/1.3.9/jsr305-1.3.9.jar:/Users/smukherjee/.m2/repository/com/google/errorprone/error_prone_annotations/2.0.18/error_prone_annotations-2.0.18.jar:/Users/smukherjee/.m2/repository/com/google/j2objc/j2objc-annotations/1.1/j2objc-annotations-1.1.jar:/Users/smukherjee/.m2/repository/org/codehaus/mojo/animal-sniffer-annotations/1.14/animal-sniffer-annotations-1.14.jar:/Users/smukherjee/.m2/repository/commons-io/commons-io/2.6/commons-io-2.6.jar:/Users/smukherjee/.m2/repository/net/sourceforge/jexcelapi/jxl/2.6.12/jxl-2.6.12.jar:/Users/smukherjee/.m2/repository/org/apache/tomcat/jasper/6.0.53/jasper-6.0.53.jar:/Users/smukherjee/.m2/repository/org/apache/tomcat/servlet-api/6.0.53/servlet-api-6.0.53.jar:/Users/smukherjee/.m2/repository/org/apache/tomcat/juli/6.0.53/juli-6.0.53.jar:/Users/smukherjee/.m2/repository/org/apache/tomcat/jsp-api/6.0.53/jsp-api-6.0.53.jar:/Users/smukherjee/.m2/repository/org/apache/tomcat/catalina/6.0.53/catalina-6.0.53.jar:/Users/smukherjee/.m2/repository/org/apache/tomcat/coyote/6.0.53/coyote-6.0.53.jar:/Users/smukherjee/.m2/repository/org/apache/tomcat/annotations-api/6.0.53/annotations-api-6.0.53.jar:/Users/smukherjee/.m2/repository/org/apache/tomcat/el-api/6.0.53/el-api-6.0.53.jar:/Users/smukherjee/.m2/repository/org/eclipse/jdt/core/compiler/ecj/4.3.1/ecj-4.3.1.jar:/Users/smukherjee/.m2/repository/org/apache/tomcat/jasper-el/6.0.53/jasper-el-6.0.53.jar:/Users/smukherjee/.m2/repository/com/googlecode/json-simple/json-simple/1.1.1/json-simple-1.1.1.jar:/Users/smukherjee/.m2/repository/io/appium/java-client/6.1.0/java-client-6.1.0.jar:/Users/smukherjee/.m2/repository/cglib/cglib/3.2.6/cglib-3.2.6.jar:/Users/smukherjee/.m2/repository/org/ow2/asm/asm/6.0/asm-6.0.jar:/Users/smukherjee/.m2/repository/org/apache/ant/ant/1.9.6/ant-1.9.6.jar:/Users/smukherjee/.m2/repository/org/apache/ant/ant-launcher/1.9.6/ant-launcher-1.9.6.jar:/Users/smukherjee/.m2/repository/commons-validator/commons-validator/1.6/commons-validator-1.6.jar:/Users/smukherjee/.m2/repository/commons-digester/commons-digester/1.8.1/commons-digester-1.8.1.jar:/Users/smukherjee/.m2/repository/commons-collections/commons-collections/3.2.2/commons-collections-3.2.2.jar:/Users/smukherjee/.m2/repository/org/springframework/spring-context/5.0.5.RELEASE/spring-context-5.0.5.RELEASE.jar:/Users/smukherjee/.m2/repository/org/springframework/spring-aop/5.0.5.RELEASE/spring-aop-5.0.5.RELEASE.jar:/Users/smukherjee/.m2/repository/org/aspectj/aspectjweaver/1.9.1/aspectjweaver-1.9.1.jar:/Users/smukherjee/.m2/repository/org/openpnp/opencv/3.2.0-1/opencv-3.2.0-1.jar:/Users/smukherjee/.m2/repository/io/rest-assured/rest-assured/4.0.0/rest-assured-4.0.0.jar:/Users/smukherjee/.m2/repository/org/codehaus/groovy/groovy-xml/2.5.6/groovy-xml-2.5.6.jar:/Users/smukherjee/.m2/repository/org/apache/httpcomponents/httpmime/4.5.3/httpmime-4.5.3.jar:/Users/smukherjee/.m2/repository/org/hamcrest/hamcrest-core/2.1/hamcrest-core-2.1.jar:/Users/smukherjee/.m2/repository/org/hamcrest/hamcrest-library/2.1/hamcrest-library-2.1.jar:/Users/smukherjee/.m2/repository/org/ccil/cowan/tagsoup/tagsoup/1.2.1/tagsoup-1.2.1.jar:/Users/smukherjee/.m2/repository/io/rest-assured/json-path/4.0.0/json-path-4.0.0.jar:/Users/smukherjee/.m2/repository/org/codehaus/groovy/groovy-json/2.5.6/groovy-json-2.5.6.jar:/Users/smukherjee/.m2/repository/io/rest-assured/rest-assured-common/4.0.0/rest-assured-common-4.0.0.jar:/Users/smukherjee/.m2/repository/io/rest-assured/xml-path/4.0.0/xml-path-4.0.0.jar:/Users/smukherjee/.m2/repository/javax/xml/bind/jaxb-api/2.2.12/jaxb-api-2.2.12.jar:/Users/smukherjee/.m2/repository/com/sun/xml/bind/jaxb-osgi/2.2.10/jaxb-osgi-2.2.10.jar:/Users/smukherjee/.m2/repository/org/apache/sling/org.apache.sling.javax.activation/0.1.0/org.apache.sling.javax.activation-0.1.0.jar:/Users/smukherjee/.m2/repository/io/rest-assured/json-schema-validator/4.0.0/json-schema-validator-4.0.0.jar:/Users/smukherjee/.m2/repository/com/github/java-json-tools/json-schema-validator/2.2.10/json-schema-validator-2.2.10.jar:/Users/smukherjee/.m2/repository/com/github/java-json-tools/json-schema-core/1.2.10/json-schema-core-1.2.10.jar:/Users/smukherjee/.m2/repository/com/github/java-json-tools/jackson-coreutils/1.9/jackson-coreutils-1.9.jar:/Users/smukherjee/.m2/repository/com/github/fge/msg-simple/1.1/msg-simple-1.1.jar:/Users/smukherjee/.m2/repository/com/github/fge/btf/1.2/btf-1.2.jar:/Users/smukherjee/.m2/repository/com/github/fge/uri-template/0.9/uri-template-0.9.jar:/Users/smukherjee/.m2/repository/org/mozilla/rhino/1.7.7.1/rhino-1.7.7.1.jar:/Users/smukherjee/.m2/repository/javax/mail/mailapi/1.4.3/mailapi-1.4.3.jar:/Users/smukherjee/.m2/repository/com/googlecode/libphonenumber/libphonenumber/8.0.0/libphonenumber-8.0.0.jar:/Users/smukherjee/.m2/repository/net/sf/jopt-simple/jopt-simple/5.0.3/jopt-simple-5.0.3.jar:/Users/smukherjee/.m2/repository/com/sun/mail/javax.mail/1.6.1/javax.mail-1.6.1.jar:/Users/smukherjee/.m2/repository/javax/activation/activation/1.1/activation-1.1.jar:/Users/smukherjee/.m2/repository/org/aeonbits/owner/owner/1.0.8/owner-1.0.8.jar:/Users/smukherjee/.m2/repository/com/itextpdf/itextpdf/5.5.10/itextpdf-5.5.10.jar:/Users/smukherjee/.m2/repository/io/qameta/allure/allure-testng/2.13.6/allure-testng-2.13.6.jar:/Users/smukherjee/.m2/repository/io/qameta/allure/allure-java-commons/2.13.6/allure-java-commons-2.13.6.jar:/Users/smukherjee/.m2/repository/io/qameta/allure/allure-model/2.13.6/allure-model-2.13.6.jar:/Users/smukherjee/.m2/repository/org/apache/tika/tika-core/1.24.1/tika-core-1.24.1.jar:/Users/smukherjee/.m2/repository/org/jooq/joor-java-8/0.9.13/joor-java-8-0.9.13.jar:/Users/smukherjee/.m2/repository/com/itextpdf/tool/xmlworker/5.5.10/xmlworker-5.5.10.jar:/Users/smukherjee/.m2/repository/com/cybersource/cybersource-rest-client-java/0.0.20/cybersource-rest-client-java-0.0.20.jar:/Users/smukherjee/.m2/repository/io/swagger/swagger-annotations/1.5.18/swagger-annotations-1.5.18.jar:/Users/smukherjee/.m2/repository/com/squareup/okhttp3/logging-interceptor/3.14.4/logging-interceptor-3.14.4.jar:/Users/smukherjee/.m2/repository/io/gsonfire/gson-fire/1.8.0/gson-fire-1.8.0.jar:/Users/smukherjee/.m2/repository/joda-time/joda-time/2.9.9/joda-time-2.9.9.jar:/Users/smukherjee/.m2/repository/org/apache/logging/log4j/log4j-api/2.11.0/log4j-api-2.11.0.jar:/Users/smukherjee/.m2/repository/org/apache/logging/log4j/log4j-core/2.11.0/log4j-core-2.11.0.jar:/Users/smukherjee/.m2/repository/org/apache/logging/log4j/log4j-1.2-api/2.11.0/log4j-1.2-api-2.11.0.jar:/Users/smukherjee/.m2/repository/com/cybersource/AuthenticationSdk/0.0.10/AuthenticationSdk-0.0.10.jar:/Users/smukherjee/.m2/repository/org/bouncycastle/bcprov-jdk16/1.45/bcprov-jdk16-1.45.jar:/Users/smukherjee/.m2/repository/com/nimbusds/nimbus-jose-jwt/7.9/nimbus-jose-jwt-7.9.jar:/Users/smukherjee/.m2/repository/com/github/stephenc/jcip/jcip-annotations/1.0-1/jcip-annotations-1.0-1.jar:/Users/smukherjee/.m2/repository/net/minidev/asm/1.0.2/asm-1.0.2.jar:/Users/smukherjee/.m2/repository/asm/asm/3.3.1/asm-3.3.1.jar:/Users/smukherjee/.m2/repository/net/minidev/json-smart/2.3/json-smart-2.3.jar:/Users/smukherjee/.m2/repository/net/minidev/accessors-smart/1.2/accessors-smart-1.2.jar:/Users/smukherjee/.m2/repository/commons-lang/commons-lang/2.6/commons-lang-2.6.jar:/Users/smukherjee/.m2/repository/org/apache/poi/poi-ooxml/4.0.1/poi-ooxml-4.0.1.jar:/Users/smukherjee/.m2/repository/org/apache/poi/poi/4.0.1/poi-4.0.1.jar:/Users/smukherjee/.m2/repository/org/apache/commons/commons-collections4/4.2/commons-collections4-4.2.jar:/Users/smukherjee/.m2/repository/org/apache/commons/commons-math3/3.6.1/commons-math3-3.6.1.jar:/Users/smukherjee/.m2/repository/org/apache/poi/poi-ooxml-schemas/4.0.1/poi-ooxml-schemas-4.0.1.jar:/Users/smukherjee/.m2/repository/org/apache/xmlbeans/xmlbeans/3.0.2/xmlbeans-3.0.2.jar:/Users/smukherjee/.m2/repository/org/apache/commons/commons-compress/1.18/commons-compress-1.18.jar:/Users/smukherjee/.m2/repository/com/github/virtuald/curvesapi/1.05/curvesapi-1.05.jar:/Users/smukherjee/.m2/repository/org/apache/poi/poi-scratchpad/4.0.1/poi-scratchpad-4.0.1.jar:/Users/smukherjee/.m2/repository/org/apache/commons/commons-lang3/3.8.1/commons-lang3-3.8.1.jar:/Users/smukherjee/.m2/repository/org/testng/testng/6.14.3/testng-6.14.3.jar:/Users/smukherjee/.m2/repository/com/beust/jcommander/1.72/jcommander-1.72.jar:/Users/smukherjee/.m2/repository/org/apache-extras/beanshell/bsh/2.0b6/bsh-2.0b6.jar:/Users/smukherjee/.m2/repository/io/cucumber/cucumber-core/4.7.4/cucumber-core-4.7.4.jar:/Users/smukherjee/.m2/repository/io/cucumber/tag-expressions/1.1.1/tag-expressions-1.1.1.jar:/Users/smukherjee/.m2/repository/io/cucumber/cucumber-expressions/7.0.2/cucumber-expressions-7.0.2.jar:/Users/smukherjee/.m2/repository/io/cucumber/datatable/1.1.14/datatable-1.1.14.jar:/Users/smukherjee/.m2/repository/io/cucumber/datatable-dependencies/1.1.14/datatable-dependencies-1.1.14.jar:/Users/smukherjee/.m2/repository/org/apiguardian/apiguardian-api/1.1.0/apiguardian-api-1.1.0.jar:/Users/smukherjee/.m2/repository/io/cucumber/cucumber-jvm-deps/1.0.6/cucumber-jvm-deps-1.0.6.jar:/Users/smukherjee/.m2/repository/io/cucumber/gherkin/4.1.3/gherkin-4.1.3.jar:/Users/smukherjee/.m2/repository/io/cucumber/gherkin-jvm-deps/1.0.4/gherkin-jvm-deps-1.0.4.jar:/Users/smukherjee/.m2/repository/io/cucumber/cucumber-java/4.7.4/cucumber-java-4.7.4.jar:/Users/smukherjee/.m2/repository/io/cucumber/cucumber-testng/4.7.4/cucumber-testng-4.7.4.jar:/Users/smukherjee/.m2/repository/io/cucumber/cucumber-picocontainer/4.7.4/cucumber-picocontainer-4.7.4.jar:/Users/smukherjee/.m2/repository/org/picocontainer/picocontainer/2.15/picocontainer-2.15.jar:/Users/smukherjee/.m2/repository/com/aventstack/extentreports/4.1.2/extentreports-4.1.2.jar:/Users/smukherjee/.m2/repository/org/freemarker/freemarker/2.3.29/freemarker-2.3.29.jar:/Users/smukherjee/.m2/repository/org/mongodb/mongodb-driver/3.12.0/mongodb-driver-3.12.0.jar:/Users/smukherjee/.m2/repository/org/mongodb/mongodb-driver-core/3.12.0/mongodb-driver-core-3.12.0.jar:/Users/smukherjee/.m2/repository/org/mongodb/bson/3.12.0/bson-3.12.0.jar:/Users/smukherjee/.m2/repository/com/aventstack/extentreports-cucumber4-adapter/1.0.10/extentreports-cucumber4-adapter-1.0.10.jar:/Users/smukherjee/.m2/repository/org/projectlombok/lombok/1.18.20/lombok-1.18.20.jar:/Users/smukherjee/.m2/repository/org/hibernate/hibernate-core/4.1.6.Final/hibernate-core-4.1.6.Final.jar:/Users/smukherjee/.m2/repository/antlr/antlr/2.7.7/antlr-2.7.7.jar:/Users/smukherjee/.m2/repository/org/jboss/logging/jboss-logging/3.1.0.GA/jboss-logging-3.1.0.GA.jar:/Users/smukherjee/.m2/repository/org/jboss/spec/javax/transaction/jboss-transaction-api_1.1_spec/1.0.0.Final/jboss-transaction-api_1.1_spec-1.0.0.Final.jar:/Users/smukherjee/.m2/repository/dom4j/dom4j/1.6.1/dom4j-1.6.1.jar:/Users/smukherjee/.m2/repository/org/hibernate/javax/persistence/hibernate-jpa-2.0-api/1.0.1.Final/hibernate-jpa-2.0-api-1.0.1.Final.jar:/Users/smukherjee/.m2/repository/org/javassist/javassist/3.15.0-GA/javassist-3.15.0-GA.jar:/Users/smukherjee/.m2/repository/org/hibernate/common/hibernate-commons-annotations/4.0.1.Final/hibernate-commons-annotations-4.0.1.Final.jar:/Users/smukherjee/.m2/repository/org/postgresql/postgresql/42.1.4/postgresql-42.1.4.jar:/Users/smukherjee/.m2/repository/org/hibernate/hibernate-entitymanager/4.1.6.Final/hibernate-entitymanager-4.1.6.Final.jar:/Users/smukherjee/.m2/repository/com/opencsv/opencsv/4.0/opencsv-4.0.jar:/Users/smukherjee/.m2/repository/org/apache/commons/commons-text/1.1/commons-text-1.1.jar:/Users/smukherjee/.m2/repository/commons-beanutils/commons-beanutils/1.9.3/commons-beanutils-1.9.3.jar:/Users/smukherjee/.m2/repository/com/azure/azure-storage-blob/12.6.0/azure-storage-blob-12.6.0.jar:/Users/smukherjee/.m2/repository/com/azure/azure-storage-common/12.6.0/azure-storage-common-12.6.0.jar:/Users/smukherjee/.m2/repository/com/azure/azure-core/1.13.0/azure-core-1.13.0.jar:/Users/smukherjee/.m2/repository/com/fasterxml/jackson/datatype/jackson-datatype-jsr310/2.11.3/jackson-datatype-jsr310-2.11.3.jar:/Users/smukherjee/.m2/repository/com/fasterxml/jackson/dataformat/jackson-dataformat-xml/2.11.3/jackson-dataformat-xml-2.11.3.jar:/Users/smukherjee/.m2/repository/com/fasterxml/jackson/module/jackson-module-jaxb-annotations/2.11.3/jackson-module-jaxb-annotations-2.11.3.jar:/Users/smukherjee/.m2/repository/jakarta/xml/bind/jakarta.xml.bind-api/2.3.2/jakarta.xml.bind-api-2.3.2.jar:/Users/smukherjee/.m2/repository/jakarta/activation/jakarta.activation-api/1.2.1/jakarta.activation-api-1.2.1.jar:/Users/smukherjee/.m2/repository/org/codehaus/woodstox/stax2-api/4.2.1/stax2-api-4.2.1.jar:/Users/smukherjee/.m2/repository/com/fasterxml/woodstox/woodstox-core/6.2.1/woodstox-core-6.2.1.jar:/Users/smukherjee/.m2/repository/io/projectreactor/reactor-core/3.3.12.RELEASE/reactor-core-3.3.12.RELEASE.jar:/Users/smukherjee/.m2/repository/org/reactivestreams/reactive-streams/1.0.3/reactive-streams-1.0.3.jar:/Users/smukherjee/.m2/repository/io/netty/netty-tcnative-boringssl-static/2.0.35.Final/netty-tcnative-boringssl-static-2.0.35.Final.jar:/Users/smukherjee/.m2/repository/com/azure/azure-messaging-servicebus/7.0.2/azure-messaging-servicebus-7.0.2.jar:/Users/smukherjee/.m2/repository/com/azure/azure-core-amqp/2.0.2/azure-core-amqp-2.0.2.jar:/Users/smukherjee/.m2/repository/com/microsoft/azure/qpid-proton-j-extensions/1.2.3/qpid-proton-j-extensions-1.2.3.jar:/Users/smukherjee/.m2/repository/org/apache/qpid/proton-j/0.33.4/proton-j-0.33.4.jar:/Users/smukherjee/.m2/repository/com/azure/azure-core-http-netty/1.8.0/azure-core-http-netty-1.8.0.jar:/Users/smukherjee/.m2/repository/io/netty/netty-handler/4.1.54.Final/netty-handler-4.1.54.Final.jar:/Users/smukherjee/.m2/repository/io/netty/netty-common/4.1.54.Final/netty-common-4.1.54.Final.jar:/Users/smukherjee/.m2/repository/io/netty/netty-resolver/4.1.54.Final/netty-resolver-4.1.54.Final.jar:/Users/smukherjee/.m2/repository/io/netty/netty-transport/4.1.54.Final/netty-transport-4.1.54.Final.jar:/Users/smukherjee/.m2/repository/io/netty/netty-codec/4.1.54.Final/netty-codec-4.1.54.Final.jar:/Users/smukherjee/.m2/repository/io/netty/netty-handler-proxy/4.1.54.Final/netty-handler-proxy-4.1.54.Final.jar:/Users/smukherjee/.m2/repository/io/netty/netty-codec-socks/4.1.54.Final/netty-codec-socks-4.1.54.Final.jar:/Users/smukherjee/.m2/repository/io/netty/netty-buffer/4.1.54.Final/netty-buffer-4.1.54.Final.jar:/Users/smukherjee/.m2/repository/io/netty/netty-codec-http/4.1.54.Final/netty-codec-http-4.1.54.Final.jar:/Users/smukherjee/.m2/repository/io/netty/netty-codec-http2/4.1.54.Final/netty-codec-http2-4.1.54.Final.jar:/Users/smukherjee/.m2/repository/io/netty/netty-transport-native-unix-common/4.1.54.Final/netty-transport-native-unix-common-4.1.54.Final.jar:/Users/smukherjee/.m2/repository/io/netty/netty-transport-native-epoll/4.1.54.Final/netty-transport-native-epoll-4.1.54.Final-linux-x86_64.jar:/Users/smukherjee/.m2/repository/io/netty/netty-transport-native-kqueue/4.1.54.Final/netty-transport-native-kqueue-4.1.54.Final-osx-x86_64.jar:/Users/smukherjee/.m2/repository/io/projectreactor/netty/reactor-netty/0.9.15.RELEASE/reactor-netty-0.9.15.RELEASE.jar:/Users/smukherjee/.m2/repository/com/fasterxml/jackson/dataformat/jackson-dataformat-csv/2.11.1/jackson-dataformat-csv-2.11.1.jar:/Users/smukherjee/.m2/repository/com/fasterxml/jackson/core/jackson-databind/2.11.1/jackson-databind-2.11.1.jar:/Users/smukherjee/.m2/repository/com/fasterxml/jackson/core/jackson-annotations/2.11.1/jackson-annotations-2.11.1.jar:/Users/smukherjee/.m2/repository/com/fasterxml/jackson/core/jackson-core/2.11.1/jackson-core-2.11.1.jar:/Users/smukherjee/.m2/repository/org/awaitility/awaitility/4.1.0/awaitility-4.1.0.jar:/Users/smukherjee/.m2/repository/org/hamcrest/hamcrest/2.1/hamcrest-2.1.jar:/Users/smukherjee/.m2/repository/com/azure/azure-spring-data-cosmos/3.0.0/azure-spring-data-cosmos-3.0.0.jar:/Users/smukherjee/.m2/repository/org/springframework/spring-core/5.2.8.RELEASE/spring-core-5.2.8.RELEASE.jar:/Users/smukherjee/.m2/repository/org/springframework/spring-jcl/5.2.8.RELEASE/spring-jcl-5.2.8.RELEASE.jar:/Users/smukherjee/.m2/repository/org/springframework/spring-web/5.2.8.RELEASE/spring-web-5.2.8.RELEASE.jar:/Users/smukherjee/.m2/repository/org/springframework/spring-beans/5.2.8.RELEASE/spring-beans-5.2.8.RELEASE.jar:/Users/smukherjee/.m2/repository/org/springframework/spring-tx/5.2.8.RELEASE/spring-tx-5.2.8.RELEASE.jar:/Users/smukherjee/.m2/repository/org/springframework/data/spring-data-commons/2.3.3.RELEASE/spring-data-commons-2.3.3.RELEASE.jar:/Users/smukherjee/.m2/repository/org/springframework/spring-expression/5.2.8.RELEASE/spring-expression-5.2.8.RELEASE.jar:/Users/smukherjee/.m2/repository/com/azure/azure-cosmos/4.6.0/azure-cosmos-4.6.0.jar:/Users/smukherjee/.m2/repository/com/fasterxml/jackson/module/jackson-module-afterburner/2.11.2/jackson-module-afterburner-2.11.2.jar:/Users/smukherjee/.m2/repository/io/dropwizard/metrics/metrics-core/4.1.0/metrics-core-4.1.0.jar:/Users/smukherjee/.m2/repository/io/micrometer/micrometer-core/1.5.4/micrometer-core-1.5.4.jar:/Users/smukherjee/.m2/repository/org/hdrhistogram/HdrHistogram/2.1.12/HdrHistogram-2.1.12.jar:/Users/smukherjee/.m2/repository/org/latencyutils/LatencyUtils/2.0.3/LatencyUtils-2.0.3.jar:/Users/smukherjee/.m2/repository/com/fasterxml/jackson/module/jackson-module-parameter-names/2.11.2/jackson-module-parameter-names-2.11.2.jar:/Users/smukherjee/.m2/repository/com/fasterxml/jackson/datatype/jackson-datatype-jdk8/2.11.2/jackson-datatype-jdk8-2.11.2.jar:/Users/smukherjee/.m2/repository/org/javatuples/javatuples/1.2/javatuples-1.2.jar:/Users/smukherjee/.m2/repository/javax/annotation/javax.annotation-api/1.3.2/javax.annotation-api-1.3.2.jar:/Users/smukherjee/.m2/repository/log4j/log4j/1.2.17/log4j-1.2.17.jar:/Users/smukherjee/.m2/repository/com/google/inject/guice/4.1.0/guice-4.1.0.jar:/Users/smukherjee/.m2/repository/javax/inject/javax.inject/1/javax.inject-1.jar:/Users/smukherjee/.m2/repository/aopalliance/aopalliance/1.0/aopalliance-1.0.jar:/Users/smukherjee/.m2/repository/org/javers/javers-core/6.0.1/javers-core-6.0.1.jar:/Users/smukherjee/.m2/repository/io/github/classgraph/classgraph/4.8.78/classgraph-4.8.78.jar:"/>
    <property name="java.vm.vendor" value="Oracle Corporation"/>
    <property name="sun.arch.data.model" value="64"/>
    <property name="java.vendor.url" value="https://openjdk.java.net/"/>
    <property name="user.timezone" value="Asia/Kolkata"/>
    <property name="os.name" value="Mac OS X"/>
    <property name="java.vm.specification.version" value="14"/>
    <property name="sun.java.launcher" value="SUN_STANDARD"/>
    <property name="user.country" value="AE"/>
    <property name="sun.boot.library.path" value="/Users/smukherjee/brew_cloned/Cellar/openjdk/14.0.1/libexec/openjdk.jdk/Contents/Home/lib"/>
    <property name="sun.java.command" value="/Users/smukherjee/Documents/Demo/Demo1/target/surefire/surefirebooter5183704985152682366.jar /Users/smukherjee/Documents/Demo/Demo1/target/surefire 2021-07-19T17-27-54_406-jvmRun1 surefire5816628415754822497tmp surefire_012216991399840228392tmp"/>
    <property name="http.nonProxyHosts" value="local|*.local|169.254/16|*.169.254/16"/>
    <property name="jdk.debug" value="release"/>
    <property name="surefire.test.class.path" value="/Users/smukherjee/Documents/Demo/Demo1/target/test-classes:/Users/smukherjee/Documents/Demo/Demo1/target/classes:/Users/smukherjee/.m2/repository/org/liquibase/liquibase-groovy-dsl/2.1.1/liquibase-groovy-dsl-2.1.1.jar:/Users/smukherjee/.m2/repository/org/codehaus/groovy/groovy/3.0.3/groovy-3.0.3.jar:/Users/smukherjee/.m2/repository/org/codehaus/groovy/groovy-sql/3.0.3/groovy-sql-3.0.3.jar:/Users/smukherjee/.m2/repository/org/eclipse/jgit/org.eclipse.jgit/5.4.2.201908231537-r/org.eclipse.jgit-5.4.2.201908231537-r.jar:/Users/smukherjee/.m2/repository/com/jcraft/jzlib/1.1.1/jzlib-1.1.1.jar:/Users/smukherjee/.m2/repository/com/googlecode/javaewah/JavaEWAH/1.1.6/JavaEWAH-1.1.6.jar:/Users/smukherjee/.m2/repository/org/bouncycastle/bcpg-jdk15on/1.61/bcpg-jdk15on-1.61.jar:/Users/smukherjee/.m2/repository/org/bouncycastle/bcprov-jdk15on/1.61/bcprov-jdk15on-1.61.jar:/Users/smukherjee/.m2/repository/org/bouncycastle/bcpkix-jdk15on/1.61/bcpkix-jdk15on-1.61.jar:/Users/smukherjee/.m2/repository/com/github/javafaker/javafaker/0.15/javafaker-0.15.jar:/Users/smukherjee/.m2/repository/org/yaml/snakeyaml/1.20/snakeyaml-1.20-android.jar:/Users/smukherjee/.m2/repository/com/github/mifmif/generex/1.0.2/generex-1.0.2.jar:/Users/smukherjee/.m2/repository/dk/brics/automaton/automaton/1.11-8/automaton-1.11-8.jar:/Users/smukherjee/.m2/repository/org/slf4j/slf4j-api/1.7.25/slf4j-api-1.7.25.jar:/Users/smukherjee/.m2/repository/org/slf4j/slf4j-jdk14/1.7.25/slf4j-jdk14-1.7.25.jar:/Users/smukherjee/.m2/repository/org/seleniumhq/selenium/jetty-repacked/7.6.1/jetty-repacked-7.6.1.jar:/Users/smukherjee/.m2/repository/com/jcraft/jsch/0.1.44-1/jsch-0.1.44-1.jar:/Users/smukherjee/.m2/repository/org/seleniumhq/selenium/selenium-java/3.14.0/selenium-java-3.14.0.jar:/Users/smukherjee/.m2/repository/org/seleniumhq/selenium/selenium-api/3.14.0/selenium-api-3.14.0.jar:/Users/smukherjee/.m2/repository/org/seleniumhq/selenium/selenium-chrome-driver/3.14.0/selenium-chrome-driver-3.14.0.jar:/Users/smukherjee/.m2/repository/org/seleniumhq/selenium/selenium-edge-driver/3.14.0/selenium-edge-driver-3.14.0.jar:/Users/smukherjee/.m2/repository/org/seleniumhq/selenium/selenium-firefox-driver/3.14.0/selenium-firefox-driver-3.14.0.jar:/Users/smukherjee/.m2/repository/org/seleniumhq/selenium/selenium-ie-driver/3.14.0/selenium-ie-driver-3.14.0.jar:/Users/smukherjee/.m2/repository/org/seleniumhq/selenium/selenium-opera-driver/3.14.0/selenium-opera-driver-3.14.0.jar:/Users/smukherjee/.m2/repository/org/seleniumhq/selenium/selenium-remote-driver/3.14.0/selenium-remote-driver-3.14.0.jar:/Users/smukherjee/.m2/repository/org/seleniumhq/selenium/selenium-safari-driver/3.14.0/selenium-safari-driver-3.14.0.jar:/Users/smukherjee/.m2/repository/net/bytebuddy/byte-buddy/1.8.15/byte-buddy-1.8.15.jar:/Users/smukherjee/.m2/repository/org/apache/commons/commons-exec/1.3/commons-exec-1.3.jar:/Users/smukherjee/.m2/repository/commons-codec/commons-codec/1.10/commons-codec-1.10.jar:/Users/smukherjee/.m2/repository/commons-logging/commons-logging/1.2/commons-logging-1.2.jar:/Users/smukherjee/.m2/repository/com/squareup/okhttp3/okhttp/3.10.0/okhttp-3.10.0.jar:/Users/smukherjee/.m2/repository/com/squareup/okio/okio/1.14.1/okio-1.14.1.jar:/Users/smukherjee/.m2/repository/org/seleniumhq/selenium/selenium-support/3.14.0/selenium-support-3.14.0.jar:/Users/smukherjee/.m2/repository/org/apache/httpcomponents/httpclient/4.5.3/httpclient-4.5.3.jar:/Users/smukherjee/.m2/repository/junit/junit/3.8.1/junit-3.8.1.jar:/Users/smukherjee/.m2/repository/org/apache/httpcomponents/httpcore/4.4.6/httpcore-4.4.6.jar:/Users/smukherjee/.m2/repository/com/google/code/gson/gson/2.8.0/gson-2.8.0.jar:/Users/smukherjee/.m2/repository/com/google/guava/guava/22.0/guava-22.0.jar:/Users/smukherjee/.m2/repository/com/google/code/findbugs/jsr305/1.3.9/jsr305-1.3.9.jar:/Users/smukherjee/.m2/repository/com/google/errorprone/error_prone_annotations/2.0.18/error_prone_annotations-2.0.18.jar:/Users/smukherjee/.m2/repository/com/google/j2objc/j2objc-annotations/1.1/j2objc-annotations-1.1.jar:/Users/smukherjee/.m2/repository/org/codehaus/mojo/animal-sniffer-annotations/1.14/animal-sniffer-annotations-1.14.jar:/Users/smukherjee/.m2/repository/commons-io/commons-io/2.6/commons-io-2.6.jar:/Users/smukherjee/.m2/repository/net/sourceforge/jexcelapi/jxl/2.6.12/jxl-2.6.12.jar:/Users/smukherjee/.m2/repository/org/apache/tomcat/jasper/6.0.53/jasper-6.0.53.jar:/Users/smukherjee/.m2/repository/org/apache/tomcat/servlet-api/6.0.53/servlet-api-6.0.53.jar:/Users/smukherjee/.m2/repository/org/apache/tomcat/juli/6.0.53/juli-6.0.53.jar:/Users/smukherjee/.m2/repository/org/apache/tomcat/jsp-api/6.0.53/jsp-api-6.0.53.jar:/Users/smukherjee/.m2/repository/org/apache/tomcat/catalina/6.0.53/catalina-6.0.53.jar:/Users/smukherjee/.m2/repository/org/apache/tomcat/coyote/6.0.53/coyote-6.0.53.jar:/Users/smukherjee/.m2/repository/org/apache/tomcat/annotations-api/6.0.53/annotations-api-6.0.53.jar:/Users/smukherjee/.m2/repository/org/apache/tomcat/el-api/6.0.53/el-api-6.0.53.jar:/Users/smukherjee/.m2/repository/org/eclipse/jdt/core/compiler/ecj/4.3.1/ecj-4.3.1.jar:/Users/smukherjee/.m2/repository/org/apache/tomcat/jasper-el/6.0.53/jasper-el-6.0.53.jar:/Users/smukherjee/.m2/repository/com/googlecode/json-simple/json-simple/1.1.1/json-simple-1.1.1.jar:/Users/smukherjee/.m2/repository/io/appium/java-client/6.1.0/java-client-6.1.0.jar:/Users/smukherjee/.m2/repository/cglib/cglib/3.2.6/cglib-3.2.6.jar:/Users/smukherjee/.m2/repository/org/ow2/asm/asm/6.0/asm-6.0.jar:/Users/smukherjee/.m2/repository/org/apache/ant/ant/1.9.6/ant-1.9.6.jar:/Users/smukherjee/.m2/repository/org/apache/ant/ant-launcher/1.9.6/ant-launcher-1.9.6.jar:/Users/smukherjee/.m2/repository/commons-validator/commons-validator/1.6/commons-validator-1.6.jar:/Users/smukherjee/.m2/repository/commons-digester/commons-digester/1.8.1/commons-digester-1.8.1.jar:/Users/smukherjee/.m2/repository/commons-collections/commons-collections/3.2.2/commons-collections-3.2.2.jar:/Users/smukherjee/.m2/repository/org/springframework/spring-context/5.0.5.RELEASE/spring-context-5.0.5.RELEASE.jar:/Users/smukherjee/.m2/repository/org/springframework/spring-aop/5.0.5.RELEASE/spring-aop-5.0.5.RELEASE.jar:/Users/smukherjee/.m2/repository/org/aspectj/aspectjweaver/1.9.1/aspectjweaver-1.9.1.jar:/Users/smukherjee/.m2/repository/org/openpnp/opencv/3.2.0-1/opencv-3.2.0-1.jar:/Users/smukherjee/.m2/repository/io/rest-assured/rest-assured/4.0.0/rest-assured-4.0.0.jar:/Users/smukherjee/.m2/repository/org/codehaus/groovy/groovy-xml/2.5.6/groovy-xml-2.5.6.jar:/Users/smukherjee/.m2/repository/org/apache/httpcomponents/httpmime/4.5.3/httpmime-4.5.3.jar:/Users/smukherjee/.m2/repository/org/hamcrest/hamcrest-core/2.1/hamcrest-core-2.1.jar:/Users/smukherjee/.m2/repository/org/hamcrest/hamcrest-library/2.1/hamcrest-library-2.1.jar:/Users/smukherjee/.m2/repository/org/ccil/cowan/tagsoup/tagsoup/1.2.1/tagsoup-1.2.1.jar:/Users/smukherjee/.m2/repository/io/rest-assured/json-path/4.0.0/json-path-4.0.0.jar:/Users/smukherjee/.m2/repository/org/codehaus/groovy/groovy-json/2.5.6/groovy-json-2.5.6.jar:/Users/smukherjee/.m2/repository/io/rest-assured/rest-assured-common/4.0.0/rest-assured-common-4.0.0.jar:/Users/smukherjee/.m2/repository/io/rest-assured/xml-path/4.0.0/xml-path-4.0.0.jar:/Users/smukherjee/.m2/repository/javax/xml/bind/jaxb-api/2.2.12/jaxb-api-2.2.12.jar:/Users/smukherjee/.m2/repository/com/sun/xml/bind/jaxb-osgi/2.2.10/jaxb-osgi-2.2.10.jar:/Users/smukherjee/.m2/repository/org/apache/sling/org.apache.sling.javax.activation/0.1.0/org.apache.sling.javax.activation-0.1.0.jar:/Users/smukherjee/.m2/repository/io/rest-assured/json-schema-validator/4.0.0/json-schema-validator-4.0.0.jar:/Users/smukherjee/.m2/repository/com/github/java-json-tools/json-schema-validator/2.2.10/json-schema-validator-2.2.10.jar:/Users/smukherjee/.m2/repository/com/github/java-json-tools/json-schema-core/1.2.10/json-schema-core-1.2.10.jar:/Users/smukherjee/.m2/repository/com/github/java-json-tools/jackson-coreutils/1.9/jackson-coreutils-1.9.jar:/Users/smukherjee/.m2/repository/com/github/fge/msg-simple/1.1/msg-simple-1.1.jar:/Users/smukherjee/.m2/repository/com/github/fge/btf/1.2/btf-1.2.jar:/Users/smukherjee/.m2/repository/com/github/fge/uri-template/0.9/uri-template-0.9.jar:/Users/smukherjee/.m2/repository/org/mozilla/rhino/1.7.7.1/rhino-1.7.7.1.jar:/Users/smukherjee/.m2/repository/javax/mail/mailapi/1.4.3/mailapi-1.4.3.jar:/Users/smukherjee/.m2/repository/com/googlecode/libphonenumber/libphonenumber/8.0.0/libphonenumber-8.0.0.jar:/Users/smukherjee/.m2/repository/net/sf/jopt-simple/jopt-simple/5.0.3/jopt-simple-5.0.3.jar:/Users/smukherjee/.m2/repository/com/sun/mail/javax.mail/1.6.1/javax.mail-1.6.1.jar:/Users/smukherjee/.m2/repository/javax/activation/activation/1.1/activation-1.1.jar:/Users/smukherjee/.m2/repository/org/aeonbits/owner/owner/1.0.8/owner-1.0.8.jar:/Users/smukherjee/.m2/repository/com/itextpdf/itextpdf/5.5.10/itextpdf-5.5.10.jar:/Users/smukherjee/.m2/repository/io/qameta/allure/allure-testng/2.13.6/allure-testng-2.13.6.jar:/Users/smukherjee/.m2/repository/io/qameta/allure/allure-java-commons/2.13.6/allure-java-commons-2.13.6.jar:/Users/smukherjee/.m2/repository/io/qameta/allure/allure-model/2.13.6/allure-model-2.13.6.jar:/Users/smukherjee/.m2/repository/org/apache/tika/tika-core/1.24.1/tika-core-1.24.1.jar:/Users/smukherjee/.m2/repository/org/jooq/joor-java-8/0.9.13/joor-java-8-0.9.13.jar:/Users/smukherjee/.m2/repository/com/itextpdf/tool/xmlworker/5.5.10/xmlworker-5.5.10.jar:/Users/smukherjee/.m2/repository/com/cybersource/cybersource-rest-client-java/0.0.20/cybersource-rest-client-java-0.0.20.jar:/Users/smukherjee/.m2/repository/io/swagger/swagger-annotations/1.5.18/swagger-annotations-1.5.18.jar:/Users/smukherjee/.m2/repository/com/squareup/okhttp3/logging-interceptor/3.14.4/logging-interceptor-3.14.4.jar:/Users/smukherjee/.m2/repository/io/gsonfire/gson-fire/1.8.0/gson-fire-1.8.0.jar:/Users/smukherjee/.m2/repository/joda-time/joda-time/2.9.9/joda-time-2.9.9.jar:/Users/smukherjee/.m2/repository/org/apache/logging/log4j/log4j-api/2.11.0/log4j-api-2.11.0.jar:/Users/smukherjee/.m2/repository/org/apache/logging/log4j/log4j-core/2.11.0/log4j-core-2.11.0.jar:/Users/smukherjee/.m2/repository/org/apache/logging/log4j/log4j-1.2-api/2.11.0/log4j-1.2-api-2.11.0.jar:/Users/smukherjee/.m2/repository/com/cybersource/AuthenticationSdk/0.0.10/AuthenticationSdk-0.0.10.jar:/Users/smukherjee/.m2/repository/org/bouncycastle/bcprov-jdk16/1.45/bcprov-jdk16-1.45.jar:/Users/smukherjee/.m2/repository/com/nimbusds/nimbus-jose-jwt/7.9/nimbus-jose-jwt-7.9.jar:/Users/smukherjee/.m2/repository/com/github/stephenc/jcip/jcip-annotations/1.0-1/jcip-annotations-1.0-1.jar:/Users/smukherjee/.m2/repository/net/minidev/asm/1.0.2/asm-1.0.2.jar:/Users/smukherjee/.m2/repository/asm/asm/3.3.1/asm-3.3.1.jar:/Users/smukherjee/.m2/repository/net/minidev/json-smart/2.3/json-smart-2.3.jar:/Users/smukherjee/.m2/repository/net/minidev/accessors-smart/1.2/accessors-smart-1.2.jar:/Users/smukherjee/.m2/repository/commons-lang/commons-lang/2.6/commons-lang-2.6.jar:/Users/smukherjee/.m2/repository/org/apache/poi/poi-ooxml/4.0.1/poi-ooxml-4.0.1.jar:/Users/smukherjee/.m2/repository/org/apache/poi/poi/4.0.1/poi-4.0.1.jar:/Users/smukherjee/.m2/repository/org/apache/commons/commons-collections4/4.2/commons-collections4-4.2.jar:/Users/smukherjee/.m2/repository/org/apache/commons/commons-math3/3.6.1/commons-math3-3.6.1.jar:/Users/smukherjee/.m2/repository/org/apache/poi/poi-ooxml-schemas/4.0.1/poi-ooxml-schemas-4.0.1.jar:/Users/smukherjee/.m2/repository/org/apache/xmlbeans/xmlbeans/3.0.2/xmlbeans-3.0.2.jar:/Users/smukherjee/.m2/repository/org/apache/commons/commons-compress/1.18/commons-compress-1.18.jar:/Users/smukherjee/.m2/repository/com/github/virtuald/curvesapi/1.05/curvesapi-1.05.jar:/Users/smukherjee/.m2/repository/org/apache/poi/poi-scratchpad/4.0.1/poi-scratchpad-4.0.1.jar:/Users/smukherjee/.m2/repository/org/apache/commons/commons-lang3/3.8.1/commons-lang3-3.8.1.jar:/Users/smukherjee/.m2/repository/org/testng/testng/6.14.3/testng-6.14.3.jar:/Users/smukherjee/.m2/repository/com/beust/jcommander/1.72/jcommander-1.72.jar:/Users/smukherjee/.m2/repository/org/apache-extras/beanshell/bsh/2.0b6/bsh-2.0b6.jar:/Users/smukherjee/.m2/repository/io/cucumber/cucumber-core/4.7.4/cucumber-core-4.7.4.jar:/Users/smukherjee/.m2/repository/io/cucumber/tag-expressions/1.1.1/tag-expressions-1.1.1.jar:/Users/smukherjee/.m2/repository/io/cucumber/cucumber-expressions/7.0.2/cucumber-expressions-7.0.2.jar:/Users/smukherjee/.m2/repository/io/cucumber/datatable/1.1.14/datatable-1.1.14.jar:/Users/smukherjee/.m2/repository/io/cucumber/datatable-dependencies/1.1.14/datatable-dependencies-1.1.14.jar:/Users/smukherjee/.m2/repository/org/apiguardian/apiguardian-api/1.1.0/apiguardian-api-1.1.0.jar:/Users/smukherjee/.m2/repository/io/cucumber/cucumber-jvm-deps/1.0.6/cucumber-jvm-deps-1.0.6.jar:/Users/smukherjee/.m2/repository/io/cucumber/gherkin/4.1.3/gherkin-4.1.3.jar:/Users/smukherjee/.m2/repository/io/cucumber/gherkin-jvm-deps/1.0.4/gherkin-jvm-deps-1.0.4.jar:/Users/smukherjee/.m2/repository/io/cucumber/cucumber-java/4.7.4/cucumber-java-4.7.4.jar:/Users/smukherjee/.m2/repository/io/cucumber/cucumber-testng/4.7.4/cucumber-testng-4.7.4.jar:/Users/smukherjee/.m2/repository/io/cucumber/cucumber-picocontainer/4.7.4/cucumber-picocontainer-4.7.4.jar:/Users/smukherjee/.m2/repository/org/picocontainer/picocontainer/2.15/picocontainer-2.15.jar:/Users/smukherjee/.m2/repository/com/aventstack/extentreports/4.1.2/extentreports-4.1.2.jar:/Users/smukherjee/.m2/repository/org/freemarker/freemarker/2.3.29/freemarker-2.3.29.jar:/Users/smukherjee/.m2/repository/org/mongodb/mongodb-driver/3.12.0/mongodb-driver-3.12.0.jar:/Users/smukherjee/.m2/repository/org/mongodb/mongodb-driver-core/3.12.0/mongodb-driver-core-3.12.0.jar:/Users/smukherjee/.m2/repository/org/mongodb/bson/3.12.0/bson-3.12.0.jar:/Users/smukherjee/.m2/repository/com/aventstack/extentreports-cucumber4-adapter/1.0.10/extentreports-cucumber4-adapter-1.0.10.jar:/Users/smukherjee/.m2/repository/org/projectlombok/lombok/1.18.20/lombok-1.18.20.jar:/Users/smukherjee/.m2/repository/org/hibernate/hibernate-core/4.1.6.Final/hibernate-core-4.1.6.Final.jar:/Users/smukherjee/.m2/repository/antlr/antlr/2.7.7/antlr-2.7.7.jar:/Users/smukherjee/.m2/repository/org/jboss/logging/jboss-logging/3.1.0.GA/jboss-logging-3.1.0.GA.jar:/Users/smukherjee/.m2/repository/org/jboss/spec/javax/transaction/jboss-transaction-api_1.1_spec/1.0.0.Final/jboss-transaction-api_1.1_spec-1.0.0.Final.jar:/Users/smukherjee/.m2/repository/dom4j/dom4j/1.6.1/dom4j-1.6.1.jar:/Users/smukherjee/.m2/repository/org/hibernate/javax/persistence/hibernate-jpa-2.0-api/1.0.1.Final/hibernate-jpa-2.0-api-1.0.1.Final.jar:/Users/smukherjee/.m2/repository/org/javassist/javassist/3.15.0-GA/javassist-3.15.0-GA.jar:/Users/smukherjee/.m2/repository/org/hibernate/common/hibernate-commons-annotations/4.0.1.Final/hibernate-commons-annotations-4.0.1.Final.jar:/Users/smukherjee/.m2/repository/org/postgresql/postgresql/42.1.4/postgresql-42.1.4.jar:/Users/smukherjee/.m2/repository/org/hibernate/hibernate-entitymanager/4.1.6.Final/hibernate-entitymanager-4.1.6.Final.jar:/Users/smukherjee/.m2/repository/com/opencsv/opencsv/4.0/opencsv-4.0.jar:/Users/smukherjee/.m2/repository/org/apache/commons/commons-text/1.1/commons-text-1.1.jar:/Users/smukherjee/.m2/repository/commons-beanutils/commons-beanutils/1.9.3/commons-beanutils-1.9.3.jar:/Users/smukherjee/.m2/repository/com/azure/azure-storage-blob/12.6.0/azure-storage-blob-12.6.0.jar:/Users/smukherjee/.m2/repository/com/azure/azure-storage-common/12.6.0/azure-storage-common-12.6.0.jar:/Users/smukherjee/.m2/repository/com/azure/azure-core/1.13.0/azure-core-1.13.0.jar:/Users/smukherjee/.m2/repository/com/fasterxml/jackson/datatype/jackson-datatype-jsr310/2.11.3/jackson-datatype-jsr310-2.11.3.jar:/Users/smukherjee/.m2/repository/com/fasterxml/jackson/dataformat/jackson-dataformat-xml/2.11.3/jackson-dataformat-xml-2.11.3.jar:/Users/smukherjee/.m2/repository/com/fasterxml/jackson/module/jackson-module-jaxb-annotations/2.11.3/jackson-module-jaxb-annotations-2.11.3.jar:/Users/smukherjee/.m2/repository/jakarta/xml/bind/jakarta.xml.bind-api/2.3.2/jakarta.xml.bind-api-2.3.2.jar:/Users/smukherjee/.m2/repository/jakarta/activation/jakarta.activation-api/1.2.1/jakarta.activation-api-1.2.1.jar:/Users/smukherjee/.m2/repository/org/codehaus/woodstox/stax2-api/4.2.1/stax2-api-4.2.1.jar:/Users/smukherjee/.m2/repository/com/fasterxml/woodstox/woodstox-core/6.2.1/woodstox-core-6.2.1.jar:/Users/smukherjee/.m2/repository/io/projectreactor/reactor-core/3.3.12.RELEASE/reactor-core-3.3.12.RELEASE.jar:/Users/smukherjee/.m2/repository/org/reactivestreams/reactive-streams/1.0.3/reactive-streams-1.0.3.jar:/Users/smukherjee/.m2/repository/io/netty/netty-tcnative-boringssl-static/2.0.35.Final/netty-tcnative-boringssl-static-2.0.35.Final.jar:/Users/smukherjee/.m2/repository/com/azure/azure-messaging-servicebus/7.0.2/azure-messaging-servicebus-7.0.2.jar:/Users/smukherjee/.m2/repository/com/azure/azure-core-amqp/2.0.2/azure-core-amqp-2.0.2.jar:/Users/smukherjee/.m2/repository/com/microsoft/azure/qpid-proton-j-extensions/1.2.3/qpid-proton-j-extensions-1.2.3.jar:/Users/smukherjee/.m2/repository/org/apache/qpid/proton-j/0.33.4/proton-j-0.33.4.jar:/Users/smukherjee/.m2/repository/com/azure/azure-core-http-netty/1.8.0/azure-core-http-netty-1.8.0.jar:/Users/smukherjee/.m2/repository/io/netty/netty-handler/4.1.54.Final/netty-handler-4.1.54.Final.jar:/Users/smukherjee/.m2/repository/io/netty/netty-common/4.1.54.Final/netty-common-4.1.54.Final.jar:/Users/smukherjee/.m2/repository/io/netty/netty-resolver/4.1.54.Final/netty-resolver-4.1.54.Final.jar:/Users/smukherjee/.m2/repository/io/netty/netty-transport/4.1.54.Final/netty-transport-4.1.54.Final.jar:/Users/smukherjee/.m2/repository/io/netty/netty-codec/4.1.54.Final/netty-codec-4.1.54.Final.jar:/Users/smukherjee/.m2/repository/io/netty/netty-handler-proxy/4.1.54.Final/netty-handler-proxy-4.1.54.Final.jar:/Users/smukherjee/.m2/repository/io/netty/netty-codec-socks/4.1.54.Final/netty-codec-socks-4.1.54.Final.jar:/Users/smukherjee/.m2/repository/io/netty/netty-buffer/4.1.54.Final/netty-buffer-4.1.54.Final.jar:/Users/smukherjee/.m2/repository/io/netty/netty-codec-http/4.1.54.Final/netty-codec-http-4.1.54.Final.jar:/Users/smukherjee/.m2/repository/io/netty/netty-codec-http2/4.1.54.Final/netty-codec-http2-4.1.54.Final.jar:/Users/smukherjee/.m2/repository/io/netty/netty-transport-native-unix-common/4.1.54.Final/netty-transport-native-unix-common-4.1.54.Final.jar:/Users/smukherjee/.m2/repository/io/netty/netty-transport-native-epoll/4.1.54.Final/netty-transport-native-epoll-4.1.54.Final-linux-x86_64.jar:/Users/smukherjee/.m2/repository/io/netty/netty-transport-native-kqueue/4.1.54.Final/netty-transport-native-kqueue-4.1.54.Final-osx-x86_64.jar:/Users/smukherjee/.m2/repository/io/projectreactor/netty/reactor-netty/0.9.15.RELEASE/reactor-netty-0.9.15.RELEASE.jar:/Users/smukherjee/.m2/repository/com/fasterxml/jackson/dataformat/jackson-dataformat-csv/2.11.1/jackson-dataformat-csv-2.11.1.jar:/Users/smukherjee/.m2/repository/com/fasterxml/jackson/core/jackson-databind/2.11.1/jackson-databind-2.11.1.jar:/Users/smukherjee/.m2/repository/com/fasterxml/jackson/core/jackson-annotations/2.11.1/jackson-annotations-2.11.1.jar:/Users/smukherjee/.m2/repository/com/fasterxml/jackson/core/jackson-core/2.11.1/jackson-core-2.11.1.jar:/Users/smukherjee/.m2/repository/org/awaitility/awaitility/4.1.0/awaitility-4.1.0.jar:/Users/smukherjee/.m2/repository/org/hamcrest/hamcrest/2.1/hamcrest-2.1.jar:/Users/smukherjee/.m2/repository/com/azure/azure-spring-data-cosmos/3.0.0/azure-spring-data-cosmos-3.0.0.jar:/Users/smukherjee/.m2/repository/org/springframework/spring-core/5.2.8.RELEASE/spring-core-5.2.8.RELEASE.jar:/Users/smukherjee/.m2/repository/org/springframework/spring-jcl/5.2.8.RELEASE/spring-jcl-5.2.8.RELEASE.jar:/Users/smukherjee/.m2/repository/org/springframework/spring-web/5.2.8.RELEASE/spring-web-5.2.8.RELEASE.jar:/Users/smukherjee/.m2/repository/org/springframework/spring-beans/5.2.8.RELEASE/spring-beans-5.2.8.RELEASE.jar:/Users/smukherjee/.m2/repository/org/springframework/spring-tx/5.2.8.RELEASE/spring-tx-5.2.8.RELEASE.jar:/Users/smukherjee/.m2/repository/org/springframework/data/spring-data-commons/2.3.3.RELEASE/spring-data-commons-2.3.3.RELEASE.jar:/Users/smukherjee/.m2/repository/org/springframework/spring-expression/5.2.8.RELEASE/spring-expression-5.2.8.RELEASE.jar:/Users/smukherjee/.m2/repository/com/azure/azure-cosmos/4.6.0/azure-cosmos-4.6.0.jar:/Users/smukherjee/.m2/repository/com/fasterxml/jackson/module/jackson-module-afterburner/2.11.2/jackson-module-afterburner-2.11.2.jar:/Users/smukherjee/.m2/repository/io/dropwizard/metrics/metrics-core/4.1.0/metrics-core-4.1.0.jar:/Users/smukherjee/.m2/repository/io/micrometer/micrometer-core/1.5.4/micrometer-core-1.5.4.jar:/Users/smukherjee/.m2/repository/org/hdrhistogram/HdrHistogram/2.1.12/HdrHistogram-2.1.12.jar:/Users/smukherjee/.m2/repository/org/latencyutils/LatencyUtils/2.0.3/LatencyUtils-2.0.3.jar:/Users/smukherjee/.m2/repository/com/fasterxml/jackson/module/jackson-module-parameter-names/2.11.2/jackson-module-parameter-names-2.11.2.jar:/Users/smukherjee/.m2/repository/com/fasterxml/jackson/datatype/jackson-datatype-jdk8/2.11.2/jackson-datatype-jdk8-2.11.2.jar:/Users/smukherjee/.m2/repository/org/javatuples/javatuples/1.2/javatuples-1.2.jar:/Users/smukherjee/.m2/repository/javax/annotation/javax.annotation-api/1.3.2/javax.annotation-api-1.3.2.jar:/Users/smukherjee/.m2/repository/log4j/log4j/1.2.17/log4j-1.2.17.jar:/Users/smukherjee/.m2/repository/com/google/inject/guice/4.1.0/guice-4.1.0.jar:/Users/smukherjee/.m2/repository/javax/inject/javax.inject/1/javax.inject-1.jar:/Users/smukherjee/.m2/repository/aopalliance/aopalliance/1.0/aopalliance-1.0.jar:/Users/smukherjee/.m2/repository/org/javers/javers-core/6.0.1/javers-core-6.0.1.jar:/Users/smukherjee/.m2/repository/io/github/classgraph/classgraph/4.8.78/classgraph-4.8.78.jar:"/>
    <property name="sun.cpu.endian" value="little"/>
    <property name="user.home" value="/Users/smukherjee"/>
    <property name="user.language" value="en"/>
    <property name="java.specification.vendor" value="Oracle Corporation"/>
    <property name="java.version.date" value="2020-04-14"/>
    <property name="java.home" value="/Users/smukherjee/brew_cloned/Cellar/openjdk/14.0.1/libexec/openjdk.jdk/Contents/Home"/>
    <property name="file.separator" value="/"/>
    <property name="basedir" value="/Users/smukherjee/Documents/Demo/Demo1"/>
    <property name="java.vm.compressedOopsMode" value="Zero based"/>
    <property name="line.separator" value="&#10;"/>
    <property name="java.vm.specification.vendor" value="Oracle Corporation"/>
    <property name="java.specification.name" value="Java Platform API Specification"/>
    <property name="surefire.real.class.path" value="/Users/smukherjee/Documents/Demo/Demo1/target/surefire/surefirebooter5183704985152682366.jar"/>
    <property name="sun.management.compiler" value="HotSpot 64-Bit Tiered Compilers"/>
    <property name="ftp.nonProxyHosts" value="local|*.local|169.254/16|*.169.254/16"/>
    <property name="java.runtime.version" value="14.0.1+14"/>
    <property name="user.name" value="smukherjee"/>
    <property name="path.separator" value=":"/>
    <property name="os.version" value="10.15.3"/>
    <property name="java.runtime.name" value="OpenJDK Runtime Environment"/>
    <property name="file.encoding" value="UTF-8"/>
    <property name="browser" value="chrome"/>
    <property name="java.vm.name" value="OpenJDK 64-Bit Server VM"/>
    <property name="localRepository" value="/Users/smukherjee/.m2/repository"/>
    <property name="java.vendor.url.bug" value="https://bugreport.java.com/bugreport/"/>
    <property name="java.io.tmpdir" value="/var/folders/_3/_qvb1_255r942t43dyzrdg4w0000gn/T/"/>
    <property name="java.version" value="14.0.1"/>
    <property name="user.dir" value="/Users/smukherjee/Documents/Demo/Demo1"/>
    <property name="os.arch" value="x86_64"/>
    <property name="java.vm.specification.name" value="Java Virtual Machine Specification"/>
    <property name="java.library.path" value="/Users/smukherjee/Library/Java/Extensions:/Library/Java/Extensions:/Network/Library/Java/Extensions:/System/Library/Java/Extensions:/usr/lib/java:."/>
    <property name="java.vm.info" value="mixed mode, sharing"/>
    <property name="java.vendor" value="N/A"/>
    <property name="java.vm.version" value="14.0.1+14"/>
    <property name="sun.io.unicode.encoding" value="UnicodeBig"/>
    <property name="socksNonProxyHosts" value="local|*.local|169.254/16|*.169.254/16"/>
    <property name="java.class.version" value="58.0"/>
  </properties>
  <testcase name="dragAndDrop" classname="test.java.testCases.TC01_scalableDragAndDrop" time="7.869"/>
  <testcase name="multiSelect" classname="test.java.testCases.TC02_selectableMultiSelect" time="7.67"/>
  <testcase name="multiSelect" classname="test.java.testCases.TC03_controlgroupMultiAction" time="7.787"/>
</testsuite>