<?xml version="1.0" encoding="UTF-8"?>
<!-- Generated by org.testng.reporters.JUnitReportReporter -->
<testsuite hostname="FVFY7177HV22" failures="0" tests="1" name="test.java.testCases.TC03_controlgroupMultiAction" time="7.787" errors="0" timestamp="19 Jul 2021 11:58:30 GMT" skipped="0">
  <testcase classname="test.java.testCases.TC03_controlgroupMultiAction" name="multiSelect" time="7.787"/>
</testsuite> <!-- test.java.testCases.TC03_controlgroupMultiAction -->
