<?xml version="1.0" encoding="UTF-8"?>
<!-- Generated by org.testng.reporters.JUnitReportReporter -->
<testsuite hostname="FVFY7177HV22" failures="0" tests="1" name="test.java.tests.test07_verifyPopupWindow" time="8.841" errors="0" timestamp="27 Jul 2021 10:48:43 GMT" skipped="0">
  <testcase classname="test.java.tests.test07_verifyPopupWindow" name="test_verifyPopup" time="8.841"/>
</testsuite> <!-- test.java.tests.test07_verifyPopupWindow -->
