<?xml version="1.0" encoding="UTF-8"?>
<!-- Generated by org.testng.reporters.JUnitReportReporter -->
<testsuite hostname="FVFY7177HV22" failures="0" tests="1" name="test.java.tests.test02_verifyClickingNoButton" time="3.419" errors="0" timestamp="27 Jul 2021 10:48:43 GMT" skipped="0">
  <testcase classname="test.java.tests.test02_verifyClickingNoButton" name="test_verifyClickingEnNoButton" time="3.419"/>
</testsuite> <!-- test.java.tests.test02_verifyClickingNoButton -->
