<?xml version="1.0" encoding="UTF-8"?>
<!-- Generated by org.testng.reporters.JUnitReportReporter -->
<testsuite hostname="FVFY7177HV22" failures="0" tests="1" name="test.java.tests.test03_verifyNameAndCarWebView" time="13.869" errors="0" timestamp="25 Jul 2021 11:38:09 GMT" skipped="0">
  <testcase classname="test.java.tests.test03_verifyNameAndCarWebView" name="test_verifyWebViewNameCar" time="13.869"/>
</testsuite> <!-- test.java.tests.test03_verifyNameAndCarWebView -->
