<?xml version="1.0" encoding="UTF-8"?>
<!-- Generated by org.testng.reporters.JUnitReportReporter -->
<testsuite hostname="FVFY7177HV22" failures="0" tests="1" name="test.java.testCases.TC01_scalableDragAndDrop" time="7.741" errors="0" timestamp="19 Jul 2021 11:47:31 GMT" skipped="0">
  <testcase classname="test.java.testCases.TC01_scalableDragAndDrop" name="dragAndDrop" time="7.741"/>
</testsuite> <!-- test.java.testCases.TC01_scalableDragAndDrop -->
